<?xml version="1.0" encoding="UTF-8"?>
<!-- Generated by org.testng.reporters.JUnitReportReporter -->
<testsuite hostname="DESKTOP-GRE8QJG" failures="0" tests="1" name="E2EProject.HomePage" time="27.559" errors="0" timestamp="2022-02-08T08:27:48 IST" skipped="0">
  <testcase classname="E2EProject.HomePage" name="pageinvok" time="27.559"/>
  <system-out/>
</testsuite> <!-- E2EProject.HomePage -->
