<?xml version="1.0" encoding="UTF-8"?>
<!-- Generated by org.testng.reporters.JUnitReportReporter -->
<testsuite hostname="DESKTOP-GRE8QJG" failures="0" tests="1" name="e2EProject.HomePageTestCase" time="10.583" errors="0" timestamp="2022-02-14T20:16:19 IST" skipped="0">
  <testcase classname="e2EProject.HomePageTestCase" name="pageinvok" time="10.583"/>
  <system-out/>
</testsuite> <!-- e2EProject.HomePageTestCase -->
