<?xml version="1.0" encoding="UTF-8"?>
<!-- Generated by org.testng.reporters.JUnitReportReporter -->
<testsuite hostname="DESKTOP-GRE8QJG" failures="0" tests="1" name="e2EProject.FilterSearch" time="0.615" errors="0" timestamp="2022-02-08T19:24:31 IST" skipped="0">
  <testcase classname="e2EProject.FilterSearch" name="BusCount" time="0.615"/>
  <system-out/>
</testsuite> <!-- e2EProject.FilterSearch -->
