<?xml version="1.0" encoding="UTF-8"?>
<!-- Generated by org.testng.reporters.JUnitReportReporter -->
<testsuite hostname="DESKTOP-GRE8QJG" failures="0" tests="1" name="e2EProject.BothDOJDORTestCase" time="17.930" errors="0" timestamp="2022-02-13T19:23:34 IST" skipped="0">
  <testcase classname="e2EProject.BothDOJDORTestCase" name="DOJDOR" time="17.930"/>
  <system-out/>
</testsuite> <!-- e2EProject.BothDOJDORTestCase -->
