<?xml version="1.0" encoding="UTF-8"?>
<!-- Generated by org.testng.reporters.JUnitReportReporter -->
<testsuite hostname="DESKTOP-GRE8QJG" failures="0" tests="1" name="e2EProject.BothDOJDORTestCase" time="16.179" errors="0" timestamp="2022-02-14T20:16:19 IST" skipped="0">
  <testcase classname="e2EProject.BothDOJDORTestCase" name="DOJDOR" time="16.179"/>
  <system-out/>
</testsuite> <!-- e2EProject.BothDOJDORTestCase -->
