<?xml version="1.0" encoding="UTF-8"?>
<!-- Generated by org.testng.reporters.JUnitReportReporter -->
<testsuite hostname="DESKTOP-GRE8QJG" failures="0" tests="1" name="e2EProject.FilterSearchTestCase" time="14.399" errors="0" timestamp="2022-02-14T20:16:19 IST" skipped="0">
  <testcase classname="e2EProject.FilterSearchTestCase" name="BusCount" time="14.399"/>
  <system-out/>
</testsuite> <!-- e2EProject.FilterSearchTestCase -->
