<?xml version="1.0" encoding="UTF-8"?>
<!-- Generated by org.testng.reporters.JUnitReportReporter -->
<testsuite hostname="DESKTOP-GRE8QJG" failures="0" tests="1" name="e2EProject.FilterSearchTestCase" time="13.658" errors="0" timestamp="2022-02-15T11:20:12 IST" skipped="0">
  <testcase classname="e2EProject.FilterSearchTestCase" name="BusCount" time="13.658"/>
  <system-out/>
</testsuite> <!-- e2EProject.FilterSearchTestCase -->
